<?xml version="1.0" encoding="UTF-8"?>
<testng-results skipped="0" failed="0" ignored="0" total="1" passed="1">
  <reporter-output>
  </reporter-output>
  <suite name="Default suite" duration-ms="2723" started-at="2019-12-25T03:27:17 IST" finished-at="2019-12-25T03:27:20 IST">
    <groups>
    </groups>
    <test name="Default test" duration-ms="2723" started-at="2019-12-25T03:27:17 IST" finished-at="2019-12-25T03:27:20 IST">
      <class name="restAPI.Tests.PostAPITest">
        <test-method status="PASS" signature="setUp()[pri:0, instance:restAPI.Tests.PostAPITest@2b2948e2]" name="setUp" is-config="true" duration-ms="10" started-at="2019-12-25T03:27:17 IST" finished-at="2019-12-25T03:27:17 IST">
          <reporter-output>
          </reporter-output>
        </test-method> <!-- setUp -->
        <test-method status="PASS" signature="postAPITest()[pri:0, instance:restAPI.Tests.PostAPITest@2b2948e2]" name="postAPITest" duration-ms="2649" started-at="2019-12-25T03:27:17 IST" finished-at="2019-12-25T03:27:20 IST">
          <reporter-output>
          </reporter-output>
        </test-method> <!-- postAPITest -->
      </class> <!-- restAPI.Tests.PostAPITest -->
    </test> <!-- Default test -->
  </suite> <!-- Default suite -->
</testng-results>
